Using pre-set license
Built from '2020.2/staging' branch; Version is '2020.2.6f1 (8a2143876886) revision 9052483'; Using compiler version '192528614'; Build Type 'Release'
OS: 'Windows 10 Pro; OS build 18363.1379; Version 1909; 64bit' Language: 'en' Physical Memory: 8084 MB
BatchMode: 1, IsHumanControllingUs: 0, StartBugReporterOnCrash: 0, Is64bit: 1, IsPro: 0

 COMMAND LINE ARGUMENTS:
D:\New folder\2020.2.6f1\Editor\Unity.exe
-adb2
-batchMode
-noUpm
-name
AssetImportWorker1
-projectPath
C:/Users/arjun/Desktop/Unity Projects/Radius
-logFile
Logs/AssetImportWorker1.log
-srvPort
58705
Successfully changed project path to: C:/Users/arjun/Desktop/Unity Projects/Radius
C:/Users/arjun/Desktop/Unity Projects/Radius
Using Asset Import Pipeline V2.
Refreshing native plugins compatible for Editor in 191.25 ms, found 1 plugins.
Preloading 0 native plugins for Editor in 0.00 ms.
Initialize engine version: 2020.2.6f1 (8a2143876886)
[Subsystems] Discovering subsystems at path D:/New folder/2020.2.6f1/Editor/Data/Resources/UnitySubsystems
[Subsystems] Discovering subsystems at path C:/Users/arjun/Desktop/Unity Projects/Radius/Assets
GfxDevice: creating device client; threaded=0
Direct3D:
    Version:  Direct3D 11.0 [level 11.1]
    Renderer: Intel(R) HD Graphics 520 (ID=0x1916)
    Vendor:   
    VRAM:     4042 MB
    Driver:   26.20.100.8142
Initialize mono
Mono path[0] = 'D:/New folder/2020.2.6f1/Editor/Data/Managed'
Mono path[1] = 'D:/New folder/2020.2.6f1/Editor/Data/MonoBleedingEdge/lib/mono/unityjit'
Mono config path = 'D:/New folder/2020.2.6f1/Editor/Data/MonoBleedingEdge/etc'
Using monoOptions --debugger-agent=transport=dt_socket,embedding=1,server=y,suspend=n,address=127.0.0.1:56824
Begin MonoManager ReloadAssembly
Registering precompiled unity dll's ...
Register platform support module: D:/New folder/2020.2.6f1/Editor/Data/PlaybackEngines/WindowsStandaloneSupport/UnityEditor.WindowsStandalone.Extensions.dll
Registered in 0.003512 seconds.
Native extension for WindowsStandalone target not found
Refreshing native plugins compatible for Editor in 49.36 ms, found 1 plugins.
Preloading 0 native plugins for Editor in 0.00 ms.
Invoked RoslynAnalysisRunner static constructor.
RoslynAnalysisRunner will not be running.
RoslynAnalysisRunner has terminated.
Mono: successfully reloaded assembly
- Completed reload, in  4.257 seconds
Platform modules already initialized, skipping
Registering precompiled user dll's ...
Registered in 0.001666 seconds.
Begin MonoManager ReloadAssembly
Native extension for WindowsStandalone target not found
Refreshing native plugins compatible for Editor in 53.05 ms, found 1 plugins.
Preloading 0 native plugins for Editor in 0.00 ms.
Invoked RoslynAnalysisRunner static constructor.
RoslynAnalysisRunner will not be running.
RoslynAnalysisRunner has terminated.
Mono: successfully reloaded assembly
- Completed reload, in  1.381 seconds
Platform modules already initialized, skipping
========================================================================
Worker process is ready to serve import requests
Launched and connected shader compiler UnityShaderCompiler.exe after 0.18 seconds
Refreshing native plugins compatible for Editor in 0.47 ms, found 1 plugins.
Preloading 0 native plugins for Editor in 0.00 ms.
Unloading 1801 Unused Serialized files (Serialized files now loaded: 0)
System memory in use before: 84.6 MB.
System memory in use after: 84.6 MB.

Unloading 24 unused Assets to reduce memory usage. Loaded Objects now: 2244.
Total: 3.951500 ms (FindLiveObjects: 0.291000 ms CreateObjectMapping: 0.105200 ms MarkObjects: 3.272100 ms  DeleteObjects: 0.281500 ms)

========================================================================
Received Import Request.
  path: Assets/Prefabs/Cross.prefab
  artifactKey: Guid(277c355460542ad45bf92953a255e9ca) Importer(815301076,1909f56bfc062723c751e8b465ee728b)
Start importing Assets/Prefabs/Cross.prefab using Guid(277c355460542ad45bf92953a255e9ca) Importer(815301076,1909f56bfc062723c751e8b465ee728b)  -> (artifact id: '179173a90c28e6cabff91d79241a45ee') in 0.190502 seconds
  Import took 0.200338 seconds .

========================================================================
Received Import Request.
  Time since last request: 58.889733 seconds.
  path: Assets/Prefabs/Cross.prefab
  artifactKey: Guid(277c355460542ad45bf92953a255e9ca) Importer(815301076,1909f56bfc062723c751e8b465ee728b)
Start importing Assets/Prefabs/Cross.prefab using Guid(277c355460542ad45bf92953a255e9ca) Importer(815301076,1909f56bfc062723c751e8b465ee728b)  -> (artifact id: '6ca09daaba96676916238b81939a5904') in 0.040100 seconds
  Import took 0.045613 seconds .

========================================================================
Received Prepare
Registering precompiled user dll's ...
Registered in 0.001770 seconds.
Begin MonoManager ReloadAssembly
Native extension for WindowsStandalone target not found
Refreshing native plugins compatible for Editor in 0.45 ms, found 1 plugins.
Preloading 0 native plugins for Editor in 0.00 ms.
Invoked RoslynAnalysisRunner static constructor.
RoslynAnalysisRunner will not be running.
RoslynAnalysisRunner has terminated.
Mono: successfully reloaded assembly
- Completed reload, in  1.542 seconds
Platform modules already initialized, skipping
Switching build target platform(5) subTarget(0) extendedPlatform(0) -> platform(13) subTarget(537395200) extendedPlatform(0)
Refreshing native plugins compatible for Editor in 0.42 ms, found 1 plugins.
Preloading 0 native plugins for Editor in 0.00 ms.
Unloading 1799 Unused Serialized files (Serialized files now loaded: 0)
System memory in use before: 87.7 MB.
System memory in use after: 87.7 MB.

Unloading 12 unused Assets to reduce memory usage. Loaded Objects now: 2254.
Total: 3.679800 ms (FindLiveObjects: 0.175100 ms CreateObjectMapping: 0.131000 ms MarkObjects: 3.152700 ms  DeleteObjects: 0.219200 ms)

AssetImportParameters requested are different than current active one (requested -> active):
  custom:graphics/normal-map-encoding: 01000000000000000000000000000000 -> 02000000000000000000000000000000
========================================================================
Received Import Request.
  Time since last request: 150.085215 seconds.
  path: Assets/Prefabs/Cross 1.prefab
  artifactKey: Guid(92ceb1c0498eccb47840382c838750e3) Importer(815301076,1909f56bfc062723c751e8b465ee728b)
Start importing Assets/Prefabs/Cross 1.prefab using Guid(92ceb1c0498eccb47840382c838750e3) Importer(815301076,1909f56bfc062723c751e8b465ee728b)  -> (artifact id: '2453e4f023b391fb991f08e00df8387a') in 0.084215 seconds
  Import took 0.092670 seconds .

========================================================================
Received Import Request.
  Time since last request: 65.709124 seconds.
  path: Assets/Prefabs/Stick.prefab
  artifactKey: Guid(92ceb1c0498eccb47840382c838750e3) Importer(815301076,1909f56bfc062723c751e8b465ee728b)
Start importing Assets/Prefabs/Stick.prefab using Guid(92ceb1c0498eccb47840382c838750e3) Importer(815301076,1909f56bfc062723c751e8b465ee728b)  -> (artifact id: 'd1d5f6211977cdd85c7d728722795bda') in 0.038489 seconds
  Import took 0.047994 seconds .

========================================================================
Received Import Request.
  Time since last request: 794.880357 seconds.
  path: Assets/Prefabs/Stick2.prefab
  artifactKey: Guid(0032660c55fc02d4c8e4b6030f8007dd) Importer(815301076,1909f56bfc062723c751e8b465ee728b)
Start importing Assets/Prefabs/Stick2.prefab using Guid(0032660c55fc02d4c8e4b6030f8007dd) Importer(815301076,1909f56bfc062723c751e8b465ee728b)  -> (artifact id: '063c01918c5413702c238788a2fa1a6d') in 0.045260 seconds
  Import took 0.052514 seconds .

========================================================================
Received Import Request.
  Time since last request: 1.406116 seconds.
  path: Assets/Prefabs/Cross.prefab
  artifactKey: Guid(277c355460542ad45bf92953a255e9ca) Importer(815301076,1909f56bfc062723c751e8b465ee728b)
Start importing Assets/Prefabs/Cross.prefab using Guid(277c355460542ad45bf92953a255e9ca) Importer(815301076,1909f56bfc062723c751e8b465ee728b)  -> (artifact id: '7f14c91ea62f5d3239f34d90ce8f941a') in 0.041612 seconds
  Import took 0.045910 seconds .

========================================================================
Received Import Request.
  Time since last request: 16.454547 seconds.
  path: Assets/Prefabs/Stick1.prefab
  artifactKey: Guid(92ceb1c0498eccb47840382c838750e3) Importer(815301076,1909f56bfc062723c751e8b465ee728b)
Start importing Assets/Prefabs/Stick1.prefab using Guid(92ceb1c0498eccb47840382c838750e3) Importer(815301076,1909f56bfc062723c751e8b465ee728b)  -> (artifact id: 'c346a1ce9b3a7db1c911fcd8384e9816') in 0.041692 seconds
  Import took 0.049001 seconds .

========================================================================
Received Import Request.
  Time since last request: 0.278471 seconds.
  path: Assets/Prefabs/Cross 1.prefab
  artifactKey: Guid(92ceb1c0498eccb47840382c838750e3) Importer(815301076,1909f56bfc062723c751e8b465ee728b)
Start importing Assets/Prefabs/Cross 1.prefab using Guid(92ceb1c0498eccb47840382c838750e3) Importer(815301076,1909f56bfc062723c751e8b465ee728b)  -> (artifact id: 'c2f24bccade81626f5326d561dbfaf73') in 0.044659 seconds
  Import took 0.051072 seconds .

========================================================================
Received Import Request.
  Time since last request: 123.128057 seconds.
  path: Assets/Prefabs/Cross.prefab
  artifactKey: Guid(277c355460542ad45bf92953a255e9ca) Importer(815301076,1909f56bfc062723c751e8b465ee728b)
Start importing Assets/Prefabs/Cross.prefab using Guid(277c355460542ad45bf92953a255e9ca) Importer(815301076,1909f56bfc062723c751e8b465ee728b)  -> (artifact id: '32f348280f6a7385e145fcce3b2868c9') in 0.035895 seconds
  Import took 0.042722 seconds .

========================================================================
Received Import Request.
  Time since last request: 106.218763 seconds.
  path: Assets/Prefabs/Cross.prefab
  artifactKey: Guid(277c355460542ad45bf92953a255e9ca) Importer(815301076,1909f56bfc062723c751e8b465ee728b)
Start importing Assets/Prefabs/Cross.prefab using Guid(277c355460542ad45bf92953a255e9ca) Importer(815301076,1909f56bfc062723c751e8b465ee728b)  -> (artifact id: '559775c275c68619f2e21ad49b323f90') in 0.034361 seconds
  Import took 0.042049 seconds .

========================================================================
Received Import Request.
  Time since last request: 122.041311 seconds.
  path: Assets/Prefabs/Stick1.prefab
  artifactKey: Guid(92ceb1c0498eccb47840382c838750e3) Importer(815301076,1909f56bfc062723c751e8b465ee728b)
Start importing Assets/Prefabs/Stick1.prefab using Guid(92ceb1c0498eccb47840382c838750e3) Importer(815301076,1909f56bfc062723c751e8b465ee728b)  -> (artifact id: '373ba52d2420bdfa8c99b0e764203527') in 0.041108 seconds
  Import took 0.045927 seconds .

========================================================================
Received Import Request.
  Time since last request: 1.708352 seconds.
  path: Assets/Prefabs/Stick2.prefab
  artifactKey: Guid(0032660c55fc02d4c8e4b6030f8007dd) Importer(815301076,1909f56bfc062723c751e8b465ee728b)
Start importing Assets/Prefabs/Stick2.prefab using Guid(0032660c55fc02d4c8e4b6030f8007dd) Importer(815301076,1909f56bfc062723c751e8b465ee728b)  -> (artifact id: '615ff81d2d4b37bdd652159548bbfffd') in 0.032455 seconds
  Import took 0.039924 seconds .

========================================================================
Received Import Request.
  Time since last request: 247.274587 seconds.
  path: Assets/Prefabs/Stick3.prefab
  artifactKey: Guid(88379003d5dce6347882c39767c733d3) Importer(815301076,1909f56bfc062723c751e8b465ee728b)
Start importing Assets/Prefabs/Stick3.prefab using Guid(88379003d5dce6347882c39767c733d3) Importer(815301076,1909f56bfc062723c751e8b465ee728b)  -> (artifact id: '4fe3f8d2c6790a7b185677ccde81328b') in 0.038786 seconds
  Import took 0.047619 seconds .

========================================================================
Received Import Request.
  Time since last request: 184.414925 seconds.
  path: Assets/Prefabs/Stick4.prefab
  artifactKey: Guid(700c0878dc62a874facaab2c5729997c) Importer(815301076,1909f56bfc062723c751e8b465ee728b)
Start importing Assets/Prefabs/Stick4.prefab using Guid(700c0878dc62a874facaab2c5729997c) Importer(815301076,1909f56bfc062723c751e8b465ee728b)  -> (artifact id: '0afa8141065dfbb9240a6f1b63cf9a9c') in 0.039016 seconds
  Import took 0.044270 seconds .

========================================================================
Received Import Request.
  Time since last request: 91.537897 seconds.
  path: Assets/Prefabs/SmallCircle 1.prefab
  artifactKey: Guid(d711245ef2df272438f586cda85fef28) Importer(815301076,1909f56bfc062723c751e8b465ee728b)
Start importing Assets/Prefabs/SmallCircle 1.prefab using Guid(d711245ef2df272438f586cda85fef28) Importer(815301076,1909f56bfc062723c751e8b465ee728b)  -> (artifact id: '9ba61aad67539a5f00774d30159d31c0') in 0.037664 seconds
  Import took 0.042478 seconds .

========================================================================
Received Import Request.
  Time since last request: 0.008105 seconds.
  path: Assets/Prefabs/SmallCircle 1.prefab
  artifactKey: Guid(d711245ef2df272438f586cda85fef28) Importer(815301076,1909f56bfc062723c751e8b465ee728b)
Start importing Assets/Prefabs/SmallCircle 1.prefab using Guid(d711245ef2df272438f586cda85fef28) Importer(815301076,1909f56bfc062723c751e8b465ee728b)  -> (artifact id: '9ba61aad67539a5f00774d30159d31c0') in 0.037063 seconds
  Import took 0.047489 seconds .

========================================================================
Received Import Request.
  Time since last request: 17.016470 seconds.
  path: Assets/Prefabs/PowerupCircle.prefab
  artifactKey: Guid(d711245ef2df272438f586cda85fef28) Importer(815301076,1909f56bfc062723c751e8b465ee728b)
Start importing Assets/Prefabs/PowerupCircle.prefab using Guid(d711245ef2df272438f586cda85fef28) Importer(815301076,1909f56bfc062723c751e8b465ee728b)  -> (artifact id: 'd292e3af960b6b88244fdb429ab63bf6') in 0.029987 seconds
  Import took 0.036256 seconds .

========================================================================
Received Prepare
Registering precompiled user dll's ...
Registered in 0.001732 seconds.
Begin MonoManager ReloadAssembly
Native extension for WindowsStandalone target not found
Refreshing native plugins compatible for Editor in 0.49 ms, found 1 plugins.
Preloading 0 native plugins for Editor in 0.00 ms.
Invoked RoslynAnalysisRunner static constructor.
RoslynAnalysisRunner will not be running.
RoslynAnalysisRunner has terminated.
Mono: successfully reloaded assembly
- Completed reload, in  1.232 seconds
Platform modules already initialized, skipping
Switching build target platform(5) subTarget(0) extendedPlatform(0) -> platform(13) subTarget(537395200) extendedPlatform(0)
Refreshing native plugins compatible for Editor in 0.65 ms, found 1 plugins.
Preloading 0 native plugins for Editor in 0.00 ms.
Unloading 1799 Unused Serialized files (Serialized files now loaded: 0)
System memory in use before: 87.8 MB.
System memory in use after: 87.8 MB.

Unloading 12 unused Assets to reduce memory usage. Loaded Objects now: 2258.
Total: 3.368300 ms (FindLiveObjects: 0.476500 ms CreateObjectMapping: 0.173700 ms MarkObjects: 2.442000 ms  DeleteObjects: 0.274000 ms)

AssetImportParameters requested are different than current active one (requested -> active):
  custom:graphics/normal-map-encoding: 01000000000000000000000000000000 -> 02000000000000000000000000000000
========================================================================
Received Prepare
Registering precompiled user dll's ...
Registered in 0.002076 seconds.
Begin MonoManager ReloadAssembly
Native extension for WindowsStandalone target not found
Refreshing native plugins compatible for Editor in 0.42 ms, found 1 plugins.
Preloading 0 native plugins for Editor in 0.00 ms.
Invoked RoslynAnalysisRunner static constructor.
RoslynAnalysisRunner will not be running.
RoslynAnalysisRunner has terminated.
Mono: successfully reloaded assembly
- Completed reload, in  1.674 seconds
Platform modules already initialized, skipping
Switching build target platform(5) subTarget(0) extendedPlatform(0) -> platform(13) subTarget(537395200) extendedPlatform(0)
Refreshing native plugins compatible for Editor in 0.55 ms, found 1 plugins.
Preloading 0 native plugins for Editor in 0.00 ms.
Unloading 1799 Unused Serialized files (Serialized files now loaded: 0)
System memory in use before: 87.8 MB.
System memory in use after: 87.8 MB.

Unloading 12 unused Assets to reduce memory usage. Loaded Objects now: 2261.
Total: 2.639500 ms (FindLiveObjects: 0.214800 ms CreateObjectMapping: 0.151400 ms MarkObjects: 2.137400 ms  DeleteObjects: 0.134300 ms)

AssetImportParameters requested are different than current active one (requested -> active):
  custom:graphics/normal-map-encoding: 01000000000000000000000000000000 -> 02000000000000000000000000000000
========================================================================
Received Prepare
Registering precompiled user dll's ...
Registered in 0.001804 seconds.
Begin MonoManager ReloadAssembly
Native extension for WindowsStandalone target not found
Refreshing native plugins compatible for Editor in 0.41 ms, found 1 plugins.
Preloading 0 native plugins for Editor in 0.00 ms.
Invoked RoslynAnalysisRunner static constructor.
RoslynAnalysisRunner will not be running.
RoslynAnalysisRunner has terminated.
Mono: successfully reloaded assembly
- Completed reload, in  1.314 seconds
Platform modules already initialized, skipping
Switching build target platform(5) subTarget(0) extendedPlatform(0) -> platform(13) subTarget(537395200) extendedPlatform(0)
Refreshing native plugins compatible for Editor in 0.39 ms, found 1 plugins.
Preloading 0 native plugins for Editor in 0.00 ms.
Unloading 1799 Unused Serialized files (Serialized files now loaded: 0)
System memory in use before: 87.8 MB.
System memory in use after: 87.8 MB.

Unloading 12 unused Assets to reduce memory usage. Loaded Objects now: 2264.
Total: 2.948600 ms (FindLiveObjects: 0.167600 ms CreateObjectMapping: 0.058000 ms MarkObjects: 2.382700 ms  DeleteObjects: 0.325600 ms)

AssetImportParameters requested are different than current active one (requested -> active):
  custom:graphics/normal-map-encoding: 01000000000000000000000000000000 -> 02000000000000000000000000000000
========================================================================
Received Prepare
Registering precompiled user dll's ...
Registered in 0.002377 seconds.
Begin MonoManager ReloadAssembly
Native extension for WindowsStandalone target not found
Refreshing native plugins compatible for Editor in 0.41 ms, found 1 plugins.
Preloading 0 native plugins for Editor in 0.00 ms.
Invoked RoslynAnalysisRunner static constructor.
RoslynAnalysisRunner will not be running.
RoslynAnalysisRunner has terminated.
Mono: successfully reloaded assembly
- Completed reload, in  1.465 seconds
Platform modules already initialized, skipping
Switching build target platform(5) subTarget(0) extendedPlatform(0) -> platform(13) subTarget(537395200) extendedPlatform(0)
Refreshing native plugins compatible for Editor in 0.53 ms, found 1 plugins.
Preloading 0 native plugins for Editor in 0.00 ms.
Unloading 1799 Unused Serialized files (Serialized files now loaded: 0)
System memory in use before: 87.8 MB.
System memory in use after: 87.8 MB.

Unloading 12 unused Assets to reduce memory usage. Loaded Objects now: 2267.
Total: 2.999900 ms (FindLiveObjects: 0.171900 ms CreateObjectMapping: 0.057100 ms MarkObjects: 2.566800 ms  DeleteObjects: 0.184900 ms)

AssetImportParameters requested are different than current active one (requested -> active):
  custom:graphics/normal-map-encoding: 01000000000000000000000000000000 -> 02000000000000000000000000000000
========================================================================
Received Import Request.
  Time since last request: 4275.807233 seconds.
  path: Assets/Scripts/GameManager.cs
  artifactKey: Guid(9c1b657de3cd9aa49af5ce2843544cac) Importer(815301076,1909f56bfc062723c751e8b465ee728b)
Start importing Assets/Scripts/GameManager.cs using Guid(9c1b657de3cd9aa49af5ce2843544cac) Importer(815301076,1909f56bfc062723c751e8b465ee728b)  -> (artifact id: 'a912d707df07a57591a2cdfe021f394c') in 0.030423 seconds
  Import took 0.037278 seconds .

========================================================================
Received Import Request.
  Time since last request: 0.017700 seconds.
  path: Assets/Scripts/GameManager.cs
  artifactKey: Guid(9c1b657de3cd9aa49af5ce2843544cac) Importer(815301076,1909f56bfc062723c751e8b465ee728b)
Start importing Assets/Scripts/GameManager.cs using Guid(9c1b657de3cd9aa49af5ce2843544cac) Importer(815301076,1909f56bfc062723c751e8b465ee728b)  -> (artifact id: 'a912d707df07a57591a2cdfe021f394c') in 0.008898 seconds
  Import took 0.014255 seconds .

========================================================================
Received Prepare
Registering precompiled user dll's ...
Registered in 0.001620 seconds.
Begin MonoManager ReloadAssembly
Native extension for WindowsStandalone target not found
Refreshing native plugins compatible for Editor in 0.68 ms, found 1 plugins.
Preloading 0 native plugins for Editor in 0.00 ms.
Invoked RoslynAnalysisRunner static constructor.
RoslynAnalysisRunner will not be running.
RoslynAnalysisRunner has terminated.
Mono: successfully reloaded assembly
- Completed reload, in  1.389 seconds
Platform modules already initialized, skipping
Switching build target platform(5) subTarget(0) extendedPlatform(0) -> platform(13) subTarget(537395200) extendedPlatform(0)
Refreshing native plugins compatible for Editor in 1.32 ms, found 1 plugins.
Preloading 0 native plugins for Editor in 0.00 ms.
Unloading 1799 Unused Serialized files (Serialized files now loaded: 0)
System memory in use before: 87.8 MB.
System memory in use after: 87.8 MB.

Unloading 12 unused Assets to reduce memory usage. Loaded Objects now: 2270.
Total: 7.339400 ms (FindLiveObjects: 0.273000 ms CreateObjectMapping: 0.112600 ms MarkObjects: 6.751300 ms  DeleteObjects: 0.200600 ms)

AssetImportParameters requested are different than current active one (requested -> active):
  custom:graphics/normal-map-encoding: 01000000000000000000000000000000 -> 02000000000000000000000000000000
========================================================================
Received Import Request.
  Time since last request: 63.319756 seconds.
  path: Assets/Scripts/GameManager.cs
  artifactKey: Guid(9c1b657de3cd9aa49af5ce2843544cac) Importer(815301076,1909f56bfc062723c751e8b465ee728b)
Start importing Assets/Scripts/GameManager.cs using Guid(9c1b657de3cd9aa49af5ce2843544cac) Importer(815301076,1909f56bfc062723c751e8b465ee728b)  -> (artifact id: '1b975fd9f25d96f30c7d0df6a0b0f8b7') in 0.013999 seconds
  Import took 0.022326 seconds .

========================================================================
Received Import Request.
  Time since last request: 70.302133 seconds.
  path: Assets/Prefabs/Stick3.prefab
  artifactKey: Guid(88379003d5dce6347882c39767c733d3) Importer(815301076,1909f56bfc062723c751e8b465ee728b)
Start importing Assets/Prefabs/Stick3.prefab using Guid(88379003d5dce6347882c39767c733d3) Importer(815301076,1909f56bfc062723c751e8b465ee728b)  -> (artifact id: '5591a8c2aef455b90881b2db5a196178') in 0.113131 seconds
  Import took 0.118721 seconds .

========================================================================
Received Import Request.
  Time since last request: 1.723626 seconds.
  path: Assets/Prefabs/Stick4.prefab
  artifactKey: Guid(700c0878dc62a874facaab2c5729997c) Importer(815301076,1909f56bfc062723c751e8b465ee728b)
Start importing Assets/Prefabs/Stick4.prefab using Guid(700c0878dc62a874facaab2c5729997c) Importer(815301076,1909f56bfc062723c751e8b465ee728b)  -> (artifact id: 'f47db14a77e52b115c3b8604353ad2c3') in 0.031244 seconds
  Import took 0.036164 seconds .

========================================================================
Received Import Request.
  Time since last request: 17.456206 seconds.
  path: Assets/Prefabs/Cross.prefab
  artifactKey: Guid(277c355460542ad45bf92953a255e9ca) Importer(815301076,1909f56bfc062723c751e8b465ee728b)
Start importing Assets/Prefabs/Cross.prefab using Guid(277c355460542ad45bf92953a255e9ca) Importer(815301076,1909f56bfc062723c751e8b465ee728b)  -> (artifact id: '44aaa0e95cbdeda2e83e2fb2acf1a31c') in 0.028399 seconds
  Import took 0.036555 seconds .

========================================================================
Received Prepare
Registering precompiled user dll's ...
Registered in 0.004333 seconds.
Begin MonoManager ReloadAssembly
Native extension for WindowsStandalone target not found
Refreshing native plugins compatible for Editor in 0.38 ms, found 1 plugins.
Preloading 0 native plugins for Editor in 0.00 ms.
Invoked RoslynAnalysisRunner static constructor.
RoslynAnalysisRunner will not be running.
RoslynAnalysisRunner has terminated.
Mono: successfully reloaded assembly
- Completed reload, in  1.435 seconds
Platform modules already initialized, skipping
Switching build target platform(5) subTarget(0) extendedPlatform(0) -> platform(13) subTarget(537395200) extendedPlatform(0)
Refreshing native plugins compatible for Editor in 0.40 ms, found 1 plugins.
Preloading 0 native plugins for Editor in 0.00 ms.
Unloading 1799 Unused Serialized files (Serialized files now loaded: 0)
System memory in use before: 87.9 MB.
System memory in use after: 87.8 MB.

Unloading 12 unused Assets to reduce memory usage. Loaded Objects now: 2274.
Total: 2.789300 ms (FindLiveObjects: 0.255900 ms CreateObjectMapping: 0.083300 ms MarkObjects: 2.288400 ms  DeleteObjects: 0.160300 ms)

AssetImportParameters requested are different than current active one (requested -> active):
  custom:graphics/normal-map-encoding: 01000000000000000000000000000000 -> 02000000000000000000000000000000
========================================================================
Received Prepare
Registering precompiled user dll's ...
Registered in 0.001798 seconds.
Begin MonoManager ReloadAssembly
Native extension for WindowsStandalone target not found
Refreshing native plugins compatible for Editor in 0.40 ms, found 1 plugins.
Preloading 0 native plugins for Editor in 0.00 ms.
Invoked RoslynAnalysisRunner static constructor.
RoslynAnalysisRunner will not be running.
RoslynAnalysisRunner has terminated.
Mono: successfully reloaded assembly
- Completed reload, in  1.373 seconds
Platform modules already initialized, skipping
Switching build target platform(5) subTarget(0) extendedPlatform(0) -> platform(13) subTarget(537395200) extendedPlatform(0)
Refreshing native plugins compatible for Editor in 0.41 ms, found 1 plugins.
Preloading 0 native plugins for Editor in 0.00 ms.
Unloading 1799 Unused Serialized files (Serialized files now loaded: 0)
System memory in use before: 87.9 MB.
System memory in use after: 87.9 MB.

Unloading 12 unused Assets to reduce memory usage. Loaded Objects now: 2277.
Total: 2.607900 ms (FindLiveObjects: 0.380200 ms CreateObjectMapping: 0.097400 ms MarkObjects: 1.997000 ms  DeleteObjects: 0.131700 ms)

AssetImportParameters requested are different than current active one (requested -> active):
  custom:graphics/normal-map-encoding: 01000000000000000000000000000000 -> 02000000000000000000000000000000
========================================================================
Received Prepare
Registering precompiled user dll's ...
Registered in 0.003740 seconds.
Begin MonoManager ReloadAssembly
Native extension for WindowsStandalone target not found
Refreshing native plugins compatible for Editor in 0.44 ms, found 1 plugins.
Preloading 0 native plugins for Editor in 0.00 ms.
Invoked RoslynAnalysisRunner static constructor.
RoslynAnalysisRunner will not be running.
RoslynAnalysisRunner has terminated.
Mono: successfully reloaded assembly
- Completed reload, in  1.413 seconds
Platform modules already initialized, skipping
Switching build target platform(5) subTarget(0) extendedPlatform(0) -> platform(13) subTarget(537395200) extendedPlatform(0)
Refreshing native plugins compatible for Editor in 0.42 ms, found 1 plugins.
Preloading 0 native plugins for Editor in 0.00 ms.
Unloading 1799 Unused Serialized files (Serialized files now loaded: 0)
System memory in use before: 87.9 MB.
System memory in use after: 87.9 MB.

Unloading 12 unused Assets to reduce memory usage. Loaded Objects now: 2280.
Total: 3.811000 ms (FindLiveObjects: 0.173000 ms CreateObjectMapping: 0.101300 ms MarkObjects: 3.345100 ms  DeleteObjects: 0.188200 ms)

AssetImportParameters requested are different than current active one (requested -> active):
  custom:graphics/normal-map-encoding: 01000000000000000000000000000000 -> 02000000000000000000000000000000
========================================================================
Received Prepare
Registering precompiled user dll's ...
Registered in 0.001511 seconds.
Begin MonoManager ReloadAssembly
Native extension for WindowsStandalone target not found
Refreshing native plugins compatible for Editor in 0.43 ms, found 1 plugins.
Preloading 0 native plugins for Editor in 0.00 ms.
Invoked RoslynAnalysisRunner static constructor.
RoslynAnalysisRunner will not be running.
RoslynAnalysisRunner has terminated.
Mono: successfully reloaded assembly
- Completed reload, in  1.341 seconds
Platform modules already initialized, skipping
Switching build target platform(5) subTarget(0) extendedPlatform(0) -> platform(13) subTarget(537395200) extendedPlatform(0)
Refreshing native plugins compatible for Editor in 0.43 ms, found 1 plugins.
Preloading 0 native plugins for Editor in 0.00 ms.
Unloading 1799 Unused Serialized files (Serialized files now loaded: 0)
System memory in use before: 87.9 MB.
System memory in use after: 87.9 MB.

Unloading 12 unused Assets to reduce memory usage. Loaded Objects now: 2283.
Total: 3.102900 ms (FindLiveObjects: 0.198500 ms CreateObjectMapping: 0.082500 ms MarkObjects: 2.646200 ms  DeleteObjects: 0.174400 ms)

AssetImportParameters requested are different than current active one (requested -> active):
  custom:graphics/normal-map-encoding: 01000000000000000000000000000000 -> 02000000000000000000000000000000
========================================================================
Received Prepare
Registering precompiled user dll's ...
Registered in 0.001681 seconds.
Begin MonoManager ReloadAssembly
Native extension for WindowsStandalone target not found
Refreshing native plugins compatible for Editor in 0.40 ms, found 1 plugins.
Preloading 0 native plugins for Editor in 0.00 ms.
Invoked RoslynAnalysisRunner static constructor.
RoslynAnalysisRunner will not be running.
RoslynAnalysisRunner has terminated.
Mono: successfully reloaded assembly
- Completed reload, in  1.298 seconds
Platform modules already initialized, skipping
Switching build target platform(5) subTarget(0) extendedPlatform(0) -> platform(13) subTarget(537395200) extendedPlatform(0)
Refreshing native plugins compatible for Editor in 0.39 ms, found 1 plugins.
Preloading 0 native plugins for Editor in 0.00 ms.
Unloading 1799 Unused Serialized files (Serialized files now loaded: 0)
System memory in use before: 87.9 MB.
System memory in use after: 87.9 MB.

Unloading 12 unused Assets to reduce memory usage. Loaded Objects now: 2286.
Total: 3.220600 ms (FindLiveObjects: 0.434100 ms CreateObjectMapping: 0.136300 ms MarkObjects: 2.486800 ms  DeleteObjects: 0.161900 ms)

AssetImportParameters requested are different than current active one (requested -> active):
  custom:graphics/normal-map-encoding: 01000000000000000000000000000000 -> 02000000000000000000000000000000
========================================================================
Received Prepare
Registering precompiled user dll's ...
Registered in 0.001546 seconds.
Begin MonoManager ReloadAssembly
Native extension for WindowsStandalone target not found
Refreshing native plugins compatible for Editor in 0.43 ms, found 1 plugins.
Preloading 0 native plugins for Editor in 0.00 ms.
Invoked RoslynAnalysisRunner static constructor.
RoslynAnalysisRunner will not be running.
RoslynAnalysisRunner has terminated.
Mono: successfully reloaded assembly
- Completed reload, in  1.924 seconds
Platform modules already initialized, skipping
Switching build target platform(5) subTarget(0) extendedPlatform(0) -> platform(13) subTarget(537395200) extendedPlatform(0)
Refreshing native plugins compatible for Editor in 0.41 ms, found 1 plugins.
Preloading 0 native plugins for Editor in 0.00 ms.
Unloading 1799 Unused Serialized files (Serialized files now loaded: 0)
System memory in use before: 87.9 MB.
System memory in use after: 87.9 MB.

Unloading 12 unused Assets to reduce memory usage. Loaded Objects now: 2289.
Total: 3.915200 ms (FindLiveObjects: 0.381400 ms CreateObjectMapping: 0.265700 ms MarkObjects: 3.019200 ms  DeleteObjects: 0.245700 ms)

AssetImportParameters requested are different than current active one (requested -> active):
  custom:graphics/normal-map-encoding: 01000000000000000000000000000000 -> 02000000000000000000000000000000
========================================================================
Received Prepare
Registering precompiled user dll's ...
Registered in 0.001557 seconds.
Begin MonoManager ReloadAssembly
Native extension for WindowsStandalone target not found
Refreshing native plugins compatible for Editor in 0.42 ms, found 1 plugins.
Preloading 0 native plugins for Editor in 0.00 ms.
Invoked RoslynAnalysisRunner static constructor.
RoslynAnalysisRunner will not be running.
RoslynAnalysisRunner has terminated.
Mono: successfully reloaded assembly
- Completed reload, in  1.500 seconds
Platform modules already initialized, skipping
Switching build target platform(5) subTarget(0) extendedPlatform(0) -> platform(13) subTarget(537395200) extendedPlatform(0)
Refreshing native plugins compatible for Editor in 0.40 ms, found 1 plugins.
Preloading 0 native plugins for Editor in 0.00 ms.
Unloading 1799 Unused Serialized files (Serialized files now loaded: 0)
System memory in use before: 87.9 MB.
System memory in use after: 87.9 MB.

Unloading 12 unused Assets to reduce memory usage. Loaded Objects now: 2292.
Total: 2.908000 ms (FindLiveObjects: 0.310500 ms CreateObjectMapping: 0.122000 ms MarkObjects: 2.323200 ms  DeleteObjects: 0.150000 ms)

AssetImportParameters requested are different than current active one (requested -> active):
  custom:graphics/normal-map-encoding: 01000000000000000000000000000000 -> 02000000000000000000000000000000
========================================================================
Received Prepare
Registering precompiled user dll's ...
Registered in 0.003709 seconds.
Begin MonoManager ReloadAssembly
Native extension for WindowsStandalone target not found
Refreshing native plugins compatible for Editor in 0.49 ms, found 1 plugins.
Preloading 0 native plugins for Editor in 0.00 ms.
Invoked RoslynAnalysisRunner static constructor.
RoslynAnalysisRunner will not be running.
RoslynAnalysisRunner has terminated.
Mono: successfully reloaded assembly
- Completed reload, in  1.257 seconds
Platform modules already initialized, skipping
Switching build target platform(5) subTarget(0) extendedPlatform(0) -> platform(13) subTarget(537395200) extendedPlatform(0)
Refreshing native plugins compatible for Editor in 0.51 ms, found 1 plugins.
Preloading 0 native plugins for Editor in 0.00 ms.
Unloading 1799 Unused Serialized files (Serialized files now loaded: 0)
System memory in use before: 87.9 MB.
System memory in use after: 87.9 MB.

Unloading 12 unused Assets to reduce memory usage. Loaded Objects now: 2295.
Total: 2.578900 ms (FindLiveObjects: 0.262700 ms CreateObjectMapping: 0.079700 ms MarkObjects: 2.070100 ms  DeleteObjects: 0.164100 ms)

AssetImportParameters requested are different than current active one (requested -> active):
  custom:graphics/normal-map-encoding: 01000000000000000000000000000000 -> 02000000000000000000000000000000
========================================================================
Received Prepare
Registering precompiled user dll's ...
Registered in 0.001501 seconds.
Begin MonoManager ReloadAssembly
Native extension for WindowsStandalone target not found
Refreshing native plugins compatible for Editor in 0.43 ms, found 1 plugins.
Preloading 0 native plugins for Editor in 0.00 ms.
Invoked RoslynAnalysisRunner static constructor.
RoslynAnalysisRunner will not be running.
RoslynAnalysisRunner has terminated.
Mono: successfully reloaded assembly
- Completed reload, in  1.708 seconds
Platform modules already initialized, skipping
Switching build target platform(5) subTarget(0) extendedPlatform(0) -> platform(13) subTarget(537395200) extendedPlatform(0)
Refreshing native plugins compatible for Editor in 0.93 ms, found 1 plugins.
Preloading 0 native plugins for Editor in 0.00 ms.
Unloading 1799 Unused Serialized files (Serialized files now loaded: 0)
System memory in use before: 87.9 MB.
System memory in use after: 87.9 MB.

Unloading 12 unused Assets to reduce memory usage. Loaded Objects now: 2298.
Total: 3.452700 ms (FindLiveObjects: 0.222000 ms CreateObjectMapping: 0.119200 ms MarkObjects: 2.842700 ms  DeleteObjects: 0.267200 ms)

AssetImportParameters requested are different than current active one (requested -> active):
  custom:graphics/normal-map-encoding: 01000000000000000000000000000000 -> 02000000000000000000000000000000
========================================================================
Received Prepare
Registering precompiled user dll's ...
Registered in 0.001558 seconds.
Begin MonoManager ReloadAssembly
Native extension for WindowsStandalone target not found
Refreshing native plugins compatible for Editor in 0.42 ms, found 1 plugins.
Preloading 0 native plugins for Editor in 0.00 ms.
Invoked RoslynAnalysisRunner static constructor.
RoslynAnalysisRunner will not be running.
RoslynAnalysisRunner has terminated.
Mono: successfully reloaded assembly
- Completed reload, in  1.600 seconds
Platform modules already initialized, skipping
Switching build target platform(5) subTarget(0) extendedPlatform(0) -> platform(13) subTarget(537395200) extendedPlatform(0)
Refreshing native plugins compatible for Editor in 0.45 ms, found 1 plugins.
Preloading 0 native plugins for Editor in 0.00 ms.
Unloading 1799 Unused Serialized files (Serialized files now loaded: 0)
System memory in use before: 87.9 MB.
System memory in use after: 87.9 MB.

Unloading 12 unused Assets to reduce memory usage. Loaded Objects now: 2301.
Total: 2.758900 ms (FindLiveObjects: 0.304700 ms CreateObjectMapping: 0.113200 ms MarkObjects: 2.197800 ms  DeleteObjects: 0.141600 ms)

AssetImportParameters requested are different than current active one (requested -> active):
  custom:graphics/normal-map-encoding: 01000000000000000000000000000000 -> 02000000000000000000000000000000
AssetImportWorkerClient::OnTransportError - code=2 error=End of file
